\BOOKMARK [0][-]{chapter.1}{\376\377\000I\000n\000t\000r\000o\000d\000u\000c\000c\000i\000\363\000n}{}% 1
\BOOKMARK [1][-]{section.1.1}{\376\377\000M\000o\000t\000i\000v\000a\000c\000i\000\363\000n\000\040\000d\000e\000l\000\040\000p\000r\000o\000b\000l\000e\000m\000a}{chapter.1}% 2
\BOOKMARK [1][-]{section.1.2}{Objetivos}{chapter.1}% 3
\BOOKMARK [2][-]{subsection.1.2.1}{Objetivo\040general}{section.1.2}% 4
\BOOKMARK [2][-]{subsection.1.2.2}{\376\377\000O\000b\000j\000e\000t\000i\000v\000o\000s\000\040\000e\000s\000p\000e\000c\000\355\000f\000i\000c\000o\000s}{section.1.2}% 5
\BOOKMARK [1][-]{section.1.3}{Alcance\040y\040limitaciones}{chapter.1}% 6
\BOOKMARK [1][-]{section.1.4}{\376\377\000M\000e\000t\000o\000d\000o\000l\000o\000g\000\355\000a\000\040\000d\000e\000\040\000d\000e\000s\000a\000r\000r\000o\000l\000l\000o}{chapter.1}% 7
\BOOKMARK [1][-]{section.1.5}{Estructura\040de\040la\040memoria}{chapter.1}% 8
\BOOKMARK [0][-]{chapter.2}{\376\377\000E\000s\000t\000a\000d\000o\000\040\000d\000e\000l\000\040\000a\000r\000t\000e\000\040\000y\000\040\000c\000o\000n\000t\000e\000x\000t\000o\000\040\000t\000e\000c\000n\000o\000l\000\363\000g\000i\000c\000o}{}% 9
\BOOKMARK [1][-]{section.2.1}{\376\377\000M\000e\000d\000i\000c\000i\000\363\000n\000\040\000d\000e\000\040\000o\000l\000e\000a\000j\000e\000\040\000y\000\040\000p\000a\000r\000\341\000m\000e\000t\000r\000o\000s\000\040\000d\000e\000\040\000e\000s\000t\000a\000d\000o\000\040\000d\000e\000\040\000m\000a\000r}{chapter.2}% 10
\BOOKMARK [2][-]{subsection.2.1.1}{\376\377\000P\000a\000r\000\341\000m\000e\000t\000r\000o\000s\000\040\000c\000a\000r\000a\000c\000t\000e\000r\000\355\000s\000t\000i\000c\000o\000s}{section.2.1}% 11
\BOOKMARK [1][-]{section.2.2}{\376\377\000P\000l\000a\000t\000a\000f\000o\000r\000m\000a\000\040\000m\000\363\000v\000i\000l\000\040\000c\000o\000m\000o\000\040\000n\000o\000d\000o\000\040\000u\000b\000i\000c\000u\000o}{chapter.2}% 12
\BOOKMARK [2][-]{subsection.2.2.1}{Ventajas\040y\040limitaciones\040frente\040a\040un\040sistema\040dedicado}{section.2.2}% 13
\BOOKMARK [1][-]{section.2.3}{Procesado\040inercial\040para\040oleaje}{chapter.2}% 14
\BOOKMARK [2][-]{subsection.2.3.1}{\376\377\000Q\000u\000\351\000\040\000p\000u\000e\000d\000e\000\040\000y\000\040\000q\000u\000\351\000\040\000n\000o\000\040\000p\000u\000e\000d\000e\000\040\000e\000s\000t\000i\000m\000a\000r\000s\000e\000\040\000c\000o\000n\000\040\000u\000n\000a\000\040\000I\000M\000U}{section.2.3}% 15
\BOOKMARK [1][-]{section.2.4}{\376\377\000M\000\351\000t\000o\000d\000o\000s\000\040\000e\000s\000p\000e\000c\000t\000r\000a\000l\000e\000s\000\040\000y\000\040\000e\000s\000t\000i\000m\000a\000c\000i\000\363\000n\000\040\000m\000e\000d\000i\000a\000n\000t\000e\000\040\000W\000e\000l\000c\000h}{chapter.2}% 16
\BOOKMARK [1][-]{section.2.5}{\376\377\000S\000i\000s\000t\000e\000m\000a\000s\000\040\000e\000m\000b\000e\000b\000i\000d\000o\000s\000\040\000p\000a\000r\000a\000\040\000a\000d\000q\000u\000i\000s\000i\000c\000i\000\363\000n\000\040\000i\000n\000e\000r\000c\000i\000a\000l}{chapter.2}% 17
\BOOKMARK [2][-]{subsection.2.5.1}{\376\377\000S\000o\000l\000u\000c\000i\000o\000n\000e\000s\000\040\000m\000\363\000v\000i\000l\000e\000s\000\040\000f\000r\000e\000n\000t\000e\000\040\000a\000\040\000s\000o\000l\000u\000c\000i\000o\000n\000e\000s\000\040\000e\000m\000b\000e\000b\000i\000d\000a\000s}{section.2.5}% 18
\BOOKMARK [1][-]{section.2.6}{Ventanas\040temporales\040y\040robustez}{chapter.2}% 19
\BOOKMARK [1][-]{section.2.7}{Comparativa\040de\040plataformas}{chapter.2}% 20
\BOOKMARK [1][-]{section.2.8}{Posicionamiento\040del\040trabajo}{chapter.2}% 21
\BOOKMARK [0][-]{chapter.3}{\376\377\000A\000n\000\341\000l\000i\000s\000i\000s\000\040\000d\000e\000l\000\040\000p\000r\000o\000b\000l\000e\000m\000a\000,\000\040\000r\000e\000q\000u\000i\000s\000i\000t\000o\000s\000,\000\040\000p\000l\000a\000n\000i\000f\000i\000c\000a\000c\000i\000\363\000n\000\040\000y\000\040\000p\000r\000e\000s\000u\000p\000u\000e\000s\000t\000o}{}% 22
\BOOKMARK [1][-]{section.3.1}{\376\377\000D\000e\000s\000c\000r\000i\000p\000c\000i\000\363\000n\000\040\000g\000e\000n\000e\000r\000a\000l\000\040\000d\000e\000l\000\040\000s\000i\000s\000t\000e\000m\000a\000\040\000a\000\040\000d\000e\000s\000a\000r\000r\000o\000l\000l\000a\000r}{chapter.3}% 23
\BOOKMARK [1][-]{section.3.2}{Requisitos\040funcionales}{chapter.3}% 24
\BOOKMARK [1][-]{section.3.3}{Requisitos\040no\040funcionales}{chapter.3}% 25
\BOOKMARK [1][-]{section.3.4}{\376\377\000R\000e\000s\000t\000r\000i\000c\000c\000i\000o\000n\000e\000s\000\040\000t\000\351\000c\000n\000i\000c\000a\000s}{chapter.3}% 26
\BOOKMARK [1][-]{section.3.5}{Casos\040de\040uso\040principales}{chapter.3}% 27
\BOOKMARK [1][-]{section.3.6}{Enfoque\040de\040trabajo}{chapter.3}% 28
\BOOKMARK [1][-]{section.3.7}{Fases\040del\040proyecto}{chapter.3}% 29
\BOOKMARK [1][-]{section.3.8}{Plan\040de\040pruebas\040y\040control\040de\040riesgos}{chapter.3}% 30
\BOOKMARK [1][-]{section.3.9}{Presupuesto\040orientativo}{chapter.3}% 31
\BOOKMARK [0][-]{chapter.4}{\376\377\000D\000i\000s\000e\000\361\000o\000\040\000d\000e\000\040\000l\000a\000\040\000p\000l\000a\000t\000a\000f\000o\000r\000m\000a}{}% 32
\BOOKMARK [1][-]{section.4.1}{\376\377\000E\000n\000f\000o\000q\000u\000e\000\040\000m\000e\000t\000o\000d\000o\000l\000\363\000g\000i\000c\000o\000\040\000d\000e\000\040\000d\000i\000s\000e\000\361\000o}{chapter.4}% 33
\BOOKMARK [1][-]{section.4.2}{Arquitectura\040funcional}{chapter.4}% 34
\BOOKMARK [2][-]{subsection.4.2.1}{\376\377\000A\000r\000q\000u\000i\000t\000e\000c\000t\000u\000r\000a\000\040\000f\000\355\000s\000i\000c\000a}{section.4.2}% 35
\BOOKMARK [2][-]{subsection.4.2.2}{\376\377\000A\000r\000q\000u\000i\000t\000e\000c\000t\000u\000r\000a\000\040\000l\000\363\000g\000i\000c\000a\000\040\000y\000\040\000s\000o\000f\000t\000w\000a\000r\000e}{section.4.2}% 36
\BOOKMARK [1][-]{section.4.3}{\376\377\000D\000i\000s\000e\000\361\000o\000\040\000d\000e\000l\000\040\000b\000l\000o\000q\000u\000e\000\040\000I\000M\000U}{chapter.4}% 37
\BOOKMARK [1][-]{section.4.4}{\376\377\000D\000i\000s\000e\000\361\000o\000\040\000d\000e\000l\000\040\000s\000u\000b\000s\000i\000s\000t\000e\000m\000a\000\040\000d\000e\000\040\000a\000d\000q\000u\000i\000s\000i\000c\000i\000\363\000n}{chapter.4}% 38
\BOOKMARK [2][-]{subsection.4.4.1}{\376\377\000A\000d\000q\000u\000i\000s\000i\000c\000i\000\363\000n\000\040\000e\000n\000\040\000m\000o\000d\000o\000\040\000m\000\363\000v\000i\000l}{section.4.4}% 39
\BOOKMARK [2][-]{subsection.4.4.2}{\376\377\000A\000d\000q\000u\000i\000s\000i\000c\000i\000\363\000n\000\040\000e\000n\000\040\000m\000o\000d\000o\000\040\000e\000m\000b\000e\000b\000i\000d\000o}{section.4.4}% 40
\BOOKMARK [2][-]{subsection.4.4.3}{\376\377\000D\000i\000s\000e\000\361\000o\000\040\000d\000e\000l\000\040\000a\000l\000m\000a\000c\000e\000n\000a\000m\000i\000e\000n\000t\000o\000\040\000d\000e\000\040\000s\000e\000s\000i\000o\000n\000e\000s}{section.4.4}% 41
\BOOKMARK [2][-]{subsection.4.4.4}{\376\377\000V\000e\000n\000t\000a\000n\000a\000s\000\040\000t\000e\000m\000p\000o\000r\000a\000l\000e\000s\000\040\000y\000\040\000d\000u\000r\000a\000c\000i\000\363\000n\000\040\000d\000e\000\040\000c\000a\000p\000t\000u\000r\000a}{section.4.4}% 42
\BOOKMARK [1][-]{section.4.5}{\376\377\000D\000i\000s\000e\000\361\000o\000\040\000d\000e\000l\000\040\000f\000l\000u\000j\000o\000\040\000A\000n\000d\000r\000o\000i\000d}{chapter.4}% 43
\BOOKMARK [1][-]{section.4.6}{Flujo\040de\040datos\040del\040sistema}{chapter.4}% 44
\BOOKMARK [1][-]{section.4.7}{\376\377\000D\000i\000s\000e\000\361\000o\000\040\000d\000e\000\040\000c\000o\000m\000p\000a\000r\000a\000t\000i\000v\000a\000\040\000e\000n\000t\000r\000e\000\040\000p\000l\000a\000t\000a\000f\000o\000r\000m\000a\000s}{chapter.4}% 45
\BOOKMARK [2][-]{subsection.4.7.1}{\376\377\000M\000o\000d\000o\000\040\000m\000\363\000v\000i\000l}{section.4.7}% 46
\BOOKMARK [2][-]{subsection.4.7.2}{Modo\040sistema\040embebido}{section.4.7}% 47
\BOOKMARK [1][-]{section.4.8}{\376\377\000D\000i\000s\000e\000\361\000o\000\040\000d\000e\000l\000\040\000s\000u\000b\000s\000i\000s\000t\000e\000m\000a\000\040\000d\000e\000\040\000p\000r\000o\000c\000e\000s\000a\000d\000o}{chapter.4}% 48
\BOOKMARK [2][-]{subsection.4.8.1}{\376\377\000M\000e\000t\000o\000d\000o\000l\000o\000g\000\355\000a\000\040\000d\000e\000\040\000p\000r\000o\000c\000e\000s\000a\000d\000o\000\040\000e\000s\000p\000e\000c\000t\000r\000a\000l}{section.4.8}% 49
\BOOKMARK [2][-]{subsection.4.8.2}{Entrada\040y\040preprocesado}{section.4.8}% 50
\BOOKMARK [2][-]{subsection.4.8.3}{Bloque\040espectral}{section.4.8}% 51
\BOOKMARK [2][-]{subsection.4.8.4}{\376\377\000C\000\341\000l\000c\000u\000l\000o\000\040\000d\000e\000\040\000m\000o\000m\000e\000n\000t\000o\000s\000\040\000e\000s\000p\000e\000c\000t\000r\000a\000l\000e\000s}{section.4.8}% 52
\BOOKMARK [2][-]{subsection.4.8.5}{\376\377\000O\000b\000t\000e\000n\000c\000i\000\363\000n\000\040\000d\000e\000\040\000p\000a\000r\000\341\000m\000e\000t\000r\000o\000s\000\040\000d\000e\000\040\000o\000l\000e\000a\000j\000e}{section.4.8}% 53
\BOOKMARK [2][-]{subsection.4.8.6}{\376\377\000I\000n\000t\000e\000r\000p\000r\000e\000t\000a\000c\000i\000\363\000n\000\040\000f\000\355\000s\000i\000c\000a\000\040\000d\000e\000\040\000r\000e\000s\000u\000l\000t\000a\000d\000o\000s}{section.4.8}% 54
\BOOKMARK [2][-]{subsection.4.8.7}{Salida\040de\040resultados}{section.4.8}% 55
\BOOKMARK [1][-]{section.4.9}{\376\377\000D\000i\000s\000e\000\361\000o\000\040\000h\000a\000r\000d\000w\000a\000r\000e\000\040\000d\000e\000l\000\040\000s\000i\000s\000t\000e\000m\000a\000\040\000e\000m\000b\000e\000b\000i\000d\000o}{chapter.4}% 56
\BOOKMARK [0][-]{chapter.5}{\376\377\000I\000m\000p\000l\000e\000m\000e\000n\000t\000a\000c\000i\000\363\000n\000\040\000d\000e\000l\000\040\000s\000i\000s\000t\000e\000m\000a}{}% 57
\BOOKMARK [1][-]{section.5.1}{\376\377\000C\000a\000p\000t\000u\000r\000a\000\040\000y\000\040\000n\000o\000r\000m\000a\000l\000i\000z\000a\000c\000i\000\363\000n}{chapter.5}% 58
\BOOKMARK [2][-]{subsection.5.1.1}{\376\377\000I\000m\000p\000l\000e\000m\000e\000n\000t\000a\000c\000i\000\363\000n\000\040\000d\000e\000\040\000l\000a\000\040\000c\000a\000p\000t\000u\000r\000a\000\040\000e\000n\000\040\000A\000n\000d\000r\000o\000i\000d}{section.5.1}% 59
\BOOKMARK [2][-]{subsection.5.1.2}{\376\377\000I\000m\000p\000l\000e\000m\000e\000n\000t\000a\000c\000i\000\363\000n\000\040\000d\000e\000l\000\040\000f\000o\000r\000m\000a\000t\000o\000\040\000d\000e\000\040\000s\000e\000s\000i\000\363\000n}{section.5.1}% 60
\BOOKMARK [2][-]{subsection.5.1.3}{\376\377\000D\000e\000c\000i\000s\000i\000o\000n\000e\000s\000\040\000d\000e\000\040\000d\000i\000s\000e\000\361\000o\000\040\000d\000e\000l\000\040\000a\000l\000m\000a\000c\000e\000n\000a\000m\000i\000e\000n\000t\000o}{section.5.1}% 61
\BOOKMARK [1][-]{section.5.2}{Pipeline\040de\040procesado\040integrado}{chapter.5}% 62
\BOOKMARK [2][-]{subsection.5.2.1}{\376\377\000E\000s\000t\000i\000m\000a\000c\000i\000\363\000n\000\040\000d\000e\000\040\000f\000r\000e\000c\000u\000e\000n\000c\000i\000a\000\040\000e\000f\000e\000c\000t\000i\000v\000a\000\040\000y\000\040\000c\000a\000l\000i\000d\000a\000d\000\040\000t\000e\000m\000p\000o\000r\000a\000l}{section.5.2}% 63
\BOOKMARK [2][-]{subsection.5.2.2}{\376\377\000O\000b\000t\000e\000n\000c\000i\000\363\000n\000\040\000d\000e\000\040\000l\000a\000\040\000s\000e\000\361\000a\000l\000\040\000d\000i\000n\000\341\000m\000i\000c\000a\000\040\000\372\000t\000i\000l}{section.5.2}% 64
\BOOKMARK [2][-]{subsection.5.2.3}{\376\377\000E\000s\000t\000i\000m\000a\000c\000i\000\363\000n\000\040\000d\000e\000\040\000P\000S\000D\000\040\000m\000e\000d\000i\000a\000n\000t\000e\000\040\000W\000e\000l\000c\000h}{section.5.2}% 65
\BOOKMARK [2][-]{subsection.5.2.4}{\376\377\000I\000m\000p\000l\000e\000m\000e\000n\000t\000a\000c\000i\000\363\000n\000\040\000d\000e\000\040\000m\000o\000d\000o\000s\000\040\000d\000e\000\040\000p\000r\000o\000c\000e\000s\000a\000d\000o}{section.5.2}% 66
\BOOKMARK [2][-]{subsection.5.2.5}{\376\377\000C\000\341\000l\000c\000u\000l\000o\000\040\000d\000e\000\040\000m\000o\000m\000e\000n\000t\000o\000s\000\040\000e\000s\000p\000e\000c\000t\000r\000a\000l\000e\000s}{section.5.2}% 67
\BOOKMARK [2][-]{subsection.5.2.6}{Trazabilidad\040del\040resultado}{section.5.2}% 68
\BOOKMARK [1][-]{section.5.3}{\376\377\000V\000i\000s\000u\000a\000l\000i\000z\000a\000c\000i\000\363\000n\000\040\000y\000\040\000e\000x\000p\000o\000r\000t\000a\000c\000i\000\363\000n}{chapter.5}% 69
\BOOKMARK [1][-]{section.5.4}{\376\377\000I\000m\000p\000l\000e\000m\000e\000n\000t\000a\000c\000i\000\363\000n\000\040\000d\000e\000\040\000l\000a\000\040\000a\000p\000l\000i\000c\000a\000c\000i\000\363\000n\000\040\000A\000n\000d\000r\000o\000i\000d}{chapter.5}% 70
\BOOKMARK [2][-]{subsection.5.4.1}{\376\377\000M\000o\000d\000o\000\040\000m\000\363\000v\000i\000l}{section.5.4}% 71
\BOOKMARK [2][-]{subsection.5.4.2}{Modo\040ESP32}{section.5.4}% 72
\BOOKMARK [2][-]{subsection.5.4.3}{\376\377\000G\000e\000s\000t\000i\000\363\000n\000\040\000d\000e\000\040\000s\000e\000s\000i\000o\000n\000e\000s\000\040\000y\000\040\000v\000i\000s\000u\000a\000l\000i\000z\000a\000c\000i\000\363\000n}{section.5.4}% 73
\BOOKMARK [2][-]{subsection.5.4.4}{Estructura\040funcional\040de\040la\040app}{section.5.4}% 74
\BOOKMARK [2][-]{subsection.5.4.5}{\376\377\000D\000e\000c\000i\000s\000i\000o\000n\000e\000s\000\040\000d\000e\000\040\000d\000i\000s\000e\000\361\000o\000\040\000s\000o\000f\000t\000w\000a\000r\000e}{section.5.4}% 75
\BOOKMARK [1][-]{section.5.5}{\376\377\000I\000m\000p\000l\000e\000m\000e\000n\000t\000a\000c\000i\000\363\000n\000\040\000d\000e\000\040\000r\000e\000f\000e\000r\000e\000n\000c\000i\000a\000\040\000p\000a\000r\000a\000\040\000i\000t\000e\000r\000a\000c\000i\000\363\000n\000\040\000t\000\351\000c\000n\000i\000c\000a}{chapter.5}% 76
\BOOKMARK [1][-]{section.5.6}{\376\377\000I\000m\000p\000l\000e\000m\000e\000n\000t\000a\000c\000i\000\363\000n\000\040\000d\000e\000l\000\040\000s\000u\000b\000s\000i\000s\000t\000e\000m\000a\000\040\000e\000m\000b\000e\000b\000i\000d\000o}{chapter.5}% 77
\BOOKMARK [2][-]{subsection.5.6.1}{Firmware\040principal\040del\040ESP32}{section.5.6}% 78
\BOOKMARK [2][-]{subsection.5.6.2}{\376\377\000F\000i\000r\000m\000w\000a\000r\000e\000\040\000y\000\040\000s\000c\000r\000i\000p\000t\000s\000\040\000d\000e\000\040\000d\000i\000a\000g\000n\000\363\000s\000t\000i\000c\000o}{section.5.6}% 79
\BOOKMARK [2][-]{subsection.5.6.3}{\376\377\000E\000s\000t\000a\000d\000o\000\040\000a\000c\000t\000u\000a\000l\000\040\000y\000\040\000e\000v\000o\000l\000u\000c\000i\000\363\000n\000\040\000p\000r\000e\000v\000i\000s\000t\000a}{section.5.6}% 80
\BOOKMARK [0][-]{chapter.6}{\376\377\000V\000a\000l\000i\000d\000a\000c\000i\000\363\000n\000\040\000y\000\040\000e\000v\000a\000l\000u\000a\000c\000i\000\363\000n}{}% 81
\BOOKMARK [1][-]{section.6.1}{\376\377\000M\000e\000t\000o\000d\000o\000l\000o\000g\000\355\000a\000\040\000e\000x\000p\000e\000r\000i\000m\000e\000n\000t\000a\000l}{chapter.6}% 82
\BOOKMARK [2][-]{subsection.6.1.1}{Escenarios\040de\040prueba}{section.6.1}% 83
\BOOKMARK [1][-]{section.6.2}{\376\377\000E\000s\000t\000r\000a\000t\000e\000g\000i\000a\000\040\000t\000e\000m\000p\000o\000r\000a\000l\000\040\000d\000e\000\040\000e\000v\000a\000l\000u\000a\000c\000i\000\363\000n}{chapter.6}% 84
\BOOKMARK [1][-]{section.6.3}{\376\377\000C\000o\000n\000f\000i\000g\000u\000r\000a\000c\000i\000\363\000n\000\040\000d\000e\000\040\000l\000a\000s\000\040\000p\000r\000u\000e\000b\000a\000s}{chapter.6}% 85
\BOOKMARK [2][-]{subsection.6.3.1}{\376\377\000P\000r\000o\000c\000e\000d\000i\000m\000i\000e\000n\000t\000o\000\040\000d\000e\000\040\000a\000n\000\341\000l\000i\000s\000i\000s}{section.6.3}% 86
\BOOKMARK [1][-]{section.6.4}{\376\377\000M\000\351\000t\000r\000i\000c\000a\000s\000\040\000d\000e\000\040\000e\000v\000a\000l\000u\000a\000c\000i\000\363\000n}{chapter.6}% 87
\BOOKMARK [1][-]{section.6.5}{Plantilla\040de\040comparativa\040Android\040vs\040ESP32+MPU6050}{chapter.6}% 88
\BOOKMARK [1][-]{section.6.6}{\376\377\000C\000r\000i\000t\000e\000r\000i\000o\000s\000\040\000d\000e\000\040\000a\000c\000e\000p\000t\000a\000c\000i\000\363\000n}{chapter.6}% 89
\BOOKMARK [1][-]{section.6.7}{Resultados}{chapter.6}% 90
\BOOKMARK [2][-]{subsection.6.7.1}{\376\377\000R\000e\000s\000u\000l\000t\000a\000d\000o\000s\000\040\000d\000e\000l\000\040\000m\000o\000d\000o\000\040\000m\000\363\000v\000i\000l}{section.6.7}% 91
\BOOKMARK [2][-]{subsection.6.7.2}{Resultados\040del\040sistema\040embebido}{section.6.7}% 92
\BOOKMARK [2][-]{subsection.6.7.3}{Resultados\040del\040procesado\040espectral}{section.6.7}% 93
\BOOKMARK [2][-]{subsection.6.7.4}{\376\377\000C\000o\000m\000p\000a\000r\000a\000c\000i\000\363\000n\000\040\000m\000\363\000v\000i\000l\000\040\000v\000s\000\040\000s\000i\000s\000t\000e\000m\000a\000\040\000e\000m\000b\000e\000b\000i\000d\000o}{section.6.7}% 94
\BOOKMARK [2][-]{subsection.6.7.5}{\376\377\000R\000e\000s\000u\000l\000t\000a\000d\000o\000s\000\040\000d\000e\000\040\000r\000o\000b\000u\000s\000t\000e\000z\000\040\000e\000\040\000i\000n\000t\000e\000g\000r\000a\000c\000i\000\363\000n}{section.6.7}% 95
\BOOKMARK [1][-]{section.6.8}{\376\377\000D\000i\000s\000c\000u\000s\000i\000\363\000n\000\040\000d\000e\000\040\000r\000e\000s\000u\000l\000t\000a\000d\000o\000s}{chapter.6}% 96
\BOOKMARK [2][-]{subsection.6.8.1}{\376\377\000A\000n\000\341\000l\000i\000s\000i\000s\000\040\000c\000r\000\355\000t\000i\000c\000o\000\040\000d\000e\000\040\000l\000o\000s\000\040\000r\000e\000s\000u\000l\000t\000a\000d\000o\000s}{section.6.8}% 97
\BOOKMARK [2][-]{subsection.6.8.2}{Validez\040del\040enfoque\040basado\040en\040IMU}{section.6.8}% 98
\BOOKMARK [2][-]{subsection.6.8.3}{Ventajas\040e\040inconvenientes\040de\040cada\040plataforma}{section.6.8}% 99
\BOOKMARK [2][-]{subsection.6.8.4}{Limitaciones\040del\040trabajo}{section.6.8}% 100
\BOOKMARK [2][-]{subsection.6.8.5}{Lecciones\040aprendidas}{section.6.8}% 101
\BOOKMARK [0][-]{chapter.7}{Conclusiones}{}% 102
\BOOKMARK [1][-]{section.7.1}{Conclusiones\040principales}{chapter.7}% 103
\BOOKMARK [1][-]{section.7.2}{\376\377\000C\000o\000n\000c\000l\000u\000s\000i\000\363\000n\000\040\000m\000e\000t\000o\000d\000o\000l\000\363\000g\000i\000c\000a\000\040\000c\000l\000a\000v\000e\000\040\000\050\000a\000\040\000r\000e\000m\000a\000r\000c\000a\000r\000\040\000e\000n\000\040\000l\000a\000\040\000d\000e\000f\000e\000n\000s\000a\000\051}{chapter.7}% 104
\BOOKMARK [1][-]{section.7.3}{\376\377\000I\000m\000p\000l\000i\000c\000a\000c\000i\000o\000n\000e\000s\000\040\000p\000r\000\341\000c\000t\000i\000c\000a\000s\000\040\000p\000a\000r\000a\000\040\000e\000l\000\040\000d\000i\000s\000e\000\361\000o\000\040\000e\000x\000p\000e\000r\000i\000m\000e\000n\000t\000a\000l}{chapter.7}% 105
\BOOKMARK [1][-]{section.7.4}{Aportaciones}{chapter.7}% 106
\BOOKMARK [1][-]{section.7.5}{Trabajo\040futuro}{chapter.7}% 107
\BOOKMARK [2][-]{subsection.7.5.1}{\376\377\000L\000\355\000n\000e\000a\000s\000\040\000f\000u\000t\000u\000r\000a\000s\000\040\000p\000r\000i\000o\000r\000i\000t\000a\000r\000i\000a\000s}{section.7.5}% 108
\BOOKMARK [0][-]{appendix.A}{Material\040adicional}{}% 109
\BOOKMARK [1][-]{section.A.1}{Scripts\040principales}{appendix.A}% 110
\BOOKMARK [1][-]{section.A.2}{Comandos\040de\040referencia}{appendix.A}% 111
\BOOKMARK [2][-]{subsection.A.2.1}{Captura}{section.A.2}% 112
\BOOKMARK [2][-]{subsection.A.2.2}{\376\377\000P\000r\000o\000c\000e\000s\000a\000d\000o\000\040\000r\000\341\000p\000i\000d\000o\000\040\000s\000i\000n\000\040\000g\000r\000\341\000f\000i\000c\000a}{section.A.2}% 113
\BOOKMARK [2][-]{subsection.A.2.3}{\376\377\000P\000r\000o\000c\000e\000s\000a\000d\000o\000\040\000p\000a\000s\000o\000\040\000a\000\040\000p\000a\000s\000o\000\040\000c\000o\000n\000\040\000v\000a\000l\000i\000d\000a\000c\000i\000\363\000n\000\040\000t\000e\000m\000p\000o\000r\000a\000l}{section.A.2}% 114
\BOOKMARK [1][-]{section.A.3}{Datos\040de\040prueba}{appendix.A}% 115
\BOOKMARK [0][-]{appendix*.27}{\376\377\000B\000i\000b\000l\000i\000o\000g\000r\000a\000f\000\355\000a}{}% 116
